This file contains any messages produced by compilers while
running configure, to aid debugging if configure makes a mistake.

It was created by Rgnuplot configure 1.0, which was
generated by GNU Autoconf 2.68.  Invocation command line was

  $ ./configure 

## --------- ##
## Platform. ##
## --------- ##

hostname = mk-1001PX
uname -m = i686
uname -r = 3.2.0-51-generic-pae
uname -s = Linux
uname -v = #77-Ubuntu SMP Wed Jul 24 20:40:32 UTC 2013

/usr/bin/uname -p = unknown
/bin/uname -X     = unknown

/bin/arch              = unknown
/usr/bin/arch -k       = unknown
/usr/convex/getsysinfo = unknown
/usr/bin/hostinfo      = unknown
/bin/machine           = unknown
/usr/bin/oslevel       = unknown
/bin/universe          = unknown

PATH: /usr/lib/lightdm/lightdm
PATH: /usr/local/sbin
PATH: /usr/local/bin
PATH: /usr/sbin
PATH: /usr/bin
PATH: /sbin
PATH: /bin
PATH: /usr/games


## ----------- ##
## Core tests. ##
## ----------- ##

configure:2037: checking for gcc
configure:2064: result: gcc -std=gnu99
configure:2293: checking for C compiler version
configure:2302: gcc -std=gnu99 --version >&5
gcc (Ubuntu/Linaro 4.6.3-1ubuntu5) 4.6.3
Copyright (C) 2011 Free Software Foundation, Inc.
This is free software; see the source for copying conditions.  There is NO
warranty; not even for MERCHANTABILITY or FITNESS FOR A PARTICULAR PURPOSE.

configure:2313: $? = 0
configure:2302: gcc -std=gnu99 -v >&5
Using built-in specs.
COLLECT_GCC=gcc
COLLECT_LTO_WRAPPER=/usr/lib/gcc/i686-linux-gnu/4.6/lto-wrapper
Target: i686-linux-gnu
Configured with: ../src/configure -v --with-pkgversion='Ubuntu/Linaro 4.6.3-1ubuntu5' --with-bugurl=file:///usr/share/doc/gcc-4.6/README.Bugs --enable-languages=c,c++,fortran,objc,obj-c++ --prefix=/usr --program-suffix=-4.6 --enable-shared --enable-linker-build-id --with-system-zlib --libexecdir=/usr/lib --without-included-gettext --enable-threads=posix --with-gxx-include-dir=/usr/include/c++/4.6 --libdir=/usr/lib --enable-nls --with-sysroot=/ --enable-clocale=gnu --enable-libstdcxx-debug --enable-libstdcxx-time=yes --enable-gnu-unique-object --enable-plugin --enable-objc-gc --enable-targets=all --disable-werror --with-arch-32=i686 --with-tune=generic --enable-checking=release --build=i686-linux-gnu --host=i686-linux-gnu --target=i686-linux-gnu
Thread model: posix
gcc version 4.6.3 (Ubuntu/Linaro 4.6.3-1ubuntu5) 
configure:2313: $? = 0
configure:2302: gcc -std=gnu99 -V >&5
gcc: error: unrecognized option '-V'
gcc: fatal error: no input files
compilation terminated.
configure:2313: $? = 4
configure:2302: gcc -std=gnu99 -qversion >&5
gcc: error: unrecognized option '-qversion'
gcc: fatal error: no input files
compilation terminated.
configure:2313: $? = 4
configure:2333: checking whether the C compiler works
configure:2355: gcc -std=gnu99 -O3 -pipe -g  -I/usr/include -I. -I./src -L/usr/lib -L. conftest.c  -L/usr/lib >&5
configure:2359: $? = 0
configure:2407: result: yes
configure:2410: checking for C compiler default output file name
configure:2412: result: a.out
configure:2418: checking for suffix of executables
configure:2425: gcc -std=gnu99 -o conftest -O3 -pipe -g  -I/usr/include -I. -I./src -L/usr/lib -L. conftest.c  -L/usr/lib >&5
configure:2429: $? = 0
configure:2451: result: 
configure:2473: checking whether we are cross compiling
configure:2481: gcc -std=gnu99 -o conftest -O3 -pipe -g  -I/usr/include -I. -I./src -L/usr/lib -L. conftest.c  -L/usr/lib >&5
configure:2485: $? = 0
configure:2492: ./conftest
configure:2496: $? = 0
configure:2511: result: no
configure:2516: checking for suffix of object files
configure:2538: gcc -std=gnu99 -c -O3 -pipe -g  -I/usr/include -I. -I./src conftest.c >&5
configure:2542: $? = 0
configure:2563: result: o
configure:2567: checking whether we are using the GNU C compiler
configure:2586: gcc -std=gnu99 -c -O3 -pipe -g  -I/usr/include -I. -I./src conftest.c >&5
configure:2586: $? = 0
configure:2595: result: yes
configure:2604: checking whether gcc -std=gnu99 accepts -g
configure:2624: gcc -std=gnu99 -c -g  -I/usr/include -I. -I./src conftest.c >&5
configure:2624: $? = 0
configure:2665: result: yes
configure:2682: checking for gcc -std=gnu99 option to accept ISO C89
configure:2746: gcc -std=gnu99  -c -O3 -pipe -g  -I/usr/include -I. -I./src conftest.c >&5
configure:2746: $? = 0
configure:2759: result: none needed
configure:2785: checking how to run the C preprocessor
configure:2855: result: gcc -std=gnu99 -E
configure:2875: gcc -std=gnu99 -E  -I/usr/include -I. -I./src conftest.c
configure:2875: $? = 0
configure:2889: gcc -std=gnu99 -E  -I/usr/include -I. -I./src conftest.c
conftest.c:9:28: fatal error: ac_nonexistent.h: No such file or directory
compilation terminated.
configure:2889: $? = 1
configure: failed program was:
| /* confdefs.h */
| #define PACKAGE_NAME "Rgnuplot"
| #define PACKAGE_TARNAME "rgnuplot"
| #define PACKAGE_VERSION "1.0"
| #define PACKAGE_STRING "Rgnuplot 1.0"
| #define PACKAGE_BUGREPORT "jgama@abo.fi"
| #define PACKAGE_URL ""
| /* end confdefs.h.  */
| #include <ac_nonexistent.h>
configure:2918: checking for grep that handles long lines and -e
configure:2976: result: /bin/grep
configure:2981: checking for egrep
configure:3043: result: /bin/grep -E
configure:3048: checking for ANSI C header files
configure:3068: gcc -std=gnu99 -c -O3 -pipe -g  -I/usr/include -I. -I./src conftest.c >&5
configure:3068: $? = 0
configure:3141: gcc -std=gnu99 -o conftest -O3 -pipe -g  -I/usr/include -I. -I./src -L/usr/lib -L. conftest.c  -L/usr/lib >&5
configure:3141: $? = 0
configure:3141: ./conftest
configure:3141: $? = 0
configure:3152: result: yes
configure:3165: checking for sys/types.h
configure:3165: gcc -std=gnu99 -c -O3 -pipe -g  -I/usr/include -I. -I./src conftest.c >&5
configure:3165: $? = 0
configure:3165: result: yes
configure:3165: checking for sys/stat.h
configure:3165: gcc -std=gnu99 -c -O3 -pipe -g  -I/usr/include -I. -I./src conftest.c >&5
configure:3165: $? = 0
configure:3165: result: yes
configure:3165: checking for stdlib.h
configure:3165: gcc -std=gnu99 -c -O3 -pipe -g  -I/usr/include -I. -I./src conftest.c >&5
configure:3165: $? = 0
configure:3165: result: yes
configure:3165: checking for string.h
configure:3165: gcc -std=gnu99 -c -O3 -pipe -g  -I/usr/include -I. -I./src conftest.c >&5
configure:3165: $? = 0
configure:3165: result: yes
configure:3165: checking for memory.h
configure:3165: gcc -std=gnu99 -c -O3 -pipe -g  -I/usr/include -I. -I./src conftest.c >&5
configure:3165: $? = 0
configure:3165: result: yes
configure:3165: checking for strings.h
configure:3165: gcc -std=gnu99 -c -O3 -pipe -g  -I/usr/include -I. -I./src conftest.c >&5
configure:3165: $? = 0
configure:3165: result: yes
configure:3165: checking for inttypes.h
configure:3165: gcc -std=gnu99 -c -O3 -pipe -g  -I/usr/include -I. -I./src conftest.c >&5
configure:3165: $? = 0
configure:3165: result: yes
configure:3165: checking for stdint.h
configure:3165: gcc -std=gnu99 -c -O3 -pipe -g  -I/usr/include -I. -I./src conftest.c >&5
configure:3165: $? = 0
configure:3165: result: yes
configure:3165: checking for unistd.h
configure:3165: gcc -std=gnu99 -c -O3 -pipe -g  -I/usr/include -I. -I./src conftest.c >&5
configure:3165: $? = 0
configure:3165: result: yes
configure:3179: checking gnuplot_i.h usability
configure:3179: gcc -std=gnu99 -c -O3 -pipe -g  -I/usr/include -I. -I./src conftest.c >&5
configure:3179: $? = 0
configure:3179: result: yes
configure:3179: checking gnuplot_i.h presence
configure:3179: gcc -std=gnu99 -E  -I/usr/include -I. -I./src conftest.c
configure:3179: $? = 0
configure:3179: result: yes
configure:3179: checking for gnuplot_i.h
configure:3179: result: yes
configure:3198: Checking for gnuplot
configure:3203: checking for gnuplot
configure:3219: found /usr/local/bin/gnuplot
configure:3231: result: true
configure:3398: creating ./config.status

## ---------------------- ##
## Running config.status. ##
## ---------------------- ##

This file was extended by Rgnuplot config.status 1.0, which was
generated by GNU Autoconf 2.68.  Invocation command line was

  CONFIG_FILES    = 
  CONFIG_HEADERS  = 
  CONFIG_LINKS    = 
  CONFIG_COMMANDS = 
  $ ./config.status 

on mk-1001PX

config.status:738: creating src/Makevars

## ---------------- ##
## Cache variables. ##
## ---------------- ##

ac_cv_c_compiler_gnu=yes
ac_cv_env_CC_set=
ac_cv_env_CC_value=
ac_cv_env_CFLAGS_set=
ac_cv_env_CFLAGS_value=
ac_cv_env_CPPFLAGS_set=
ac_cv_env_CPPFLAGS_value=
ac_cv_env_CPP_set=
ac_cv_env_CPP_value=
ac_cv_env_LDFLAGS_set=
ac_cv_env_LDFLAGS_value=
ac_cv_env_LIBS_set=
ac_cv_env_LIBS_value=
ac_cv_env_PKG_CPPFLAGS_set=
ac_cv_env_PKG_CPPFLAGS_value=
ac_cv_env_PKG_LIBS_set=
ac_cv_env_PKG_LIBS_value=
ac_cv_env_build_alias_set=
ac_cv_env_build_alias_value=
ac_cv_env_host_alias_set=
ac_cv_env_host_alias_value=
ac_cv_env_target_alias_set=
ac_cv_env_target_alias_value=
ac_cv_header_gnuplot_i_h=yes
ac_cv_header_inttypes_h=yes
ac_cv_header_memory_h=yes
ac_cv_header_stdc=yes
ac_cv_header_stdint_h=yes
ac_cv_header_stdlib_h=yes
ac_cv_header_string_h=yes
ac_cv_header_strings_h=yes
ac_cv_header_sys_stat_h=yes
ac_cv_header_sys_types_h=yes
ac_cv_header_unistd_h=yes
ac_cv_objext=o
ac_cv_path_EGREP='/bin/grep -E'
ac_cv_path_GREP=/bin/grep
ac_cv_prog_CPP='gcc -std=gnu99 -E'
ac_cv_prog_GNUPLOT=true
ac_cv_prog_ac_ct_CC='gcc -std=gnu99'
ac_cv_prog_cc_c89=
ac_cv_prog_cc_g=yes

## ----------------- ##
## Output variables. ##
## ----------------- ##

CC='gcc -std=gnu99'
CFLAGS='-O3 -pipe -g'
CPP='gcc -std=gnu99 -E'
CPPFLAGS=' -I/usr/include -I. -I./src'
DEFS='-DPACKAGE_NAME=\"Rgnuplot\" -DPACKAGE_TARNAME=\"rgnuplot\" -DPACKAGE_VERSION=\"1.0\" -DPACKAGE_STRING=\"Rgnuplot\ 1.0\" -DPACKAGE_BUGREPORT=\"jgama@abo.fi\" -DPACKAGE_URL=\"\" -DSTDC_HEADERS=1 -DHAVE_SYS_TYPES_H=1 -DHAVE_SYS_STAT_H=1 -DHAVE_STDLIB_H=1 -DHAVE_STRING_H=1 -DHAVE_MEMORY_H=1 -DHAVE_STRINGS_H=1 -DHAVE_INTTYPES_H=1 -DHAVE_STDINT_H=1 -DHAVE_UNISTD_H=1 -DHAVE_GNUPLOT_I_H=1'
ECHO_C=''
ECHO_N='-n'
ECHO_T=''
EGREP='/bin/grep -E'
EXEEXT=''
GNUPLOT='true'
GREP='/bin/grep'
LDFLAGS='-L/usr/lib -L.'
LIBOBJS=''
LIBS=' -L/usr/lib'
LTLIBOBJS=''
OBJEXT='o'
PACKAGE_BUGREPORT='jgama@abo.fi'
PACKAGE_NAME='Rgnuplot'
PACKAGE_STRING='Rgnuplot 1.0'
PACKAGE_TARNAME='rgnuplot'
PACKAGE_URL=''
PACKAGE_VERSION='1.0'
PATH_SEPARATOR=':'
PKG_CPPFLAGS='-I/usr/include -I. -I./src'
PKG_LIBS='-L/usr/lib'
SHELL='/bin/bash'
ac_ct_CC='gcc -std=gnu99'
bindir='${exec_prefix}/bin'
build_alias=''
datadir='${datarootdir}'
datarootdir='${prefix}/share'
docdir='${datarootdir}/doc/${PACKAGE_TARNAME}'
dvidir='${docdir}'
exec_prefix='${prefix}'
host_alias=''
htmldir='${docdir}'
includedir='${prefix}/include'
infodir='${datarootdir}/info'
libdir='${exec_prefix}/lib'
libexecdir='${exec_prefix}/libexec'
localedir='${datarootdir}/locale'
localstatedir='${prefix}/var'
mandir='${datarootdir}/man'
oldincludedir='/usr/include'
pdfdir='${docdir}'
prefix='/usr/local'
program_transform_name='s,x,x,'
psdir='${docdir}'
sbindir='${exec_prefix}/sbin'
sharedstatedir='${prefix}/com'
sysconfdir='${prefix}/etc'
target_alias=''

## ----------- ##
## confdefs.h. ##
## ----------- ##

/* confdefs.h */
#define PACKAGE_NAME "Rgnuplot"
#define PACKAGE_TARNAME "rgnuplot"
#define PACKAGE_VERSION "1.0"
#define PACKAGE_STRING "Rgnuplot 1.0"
#define PACKAGE_BUGREPORT "jgama@abo.fi"
#define PACKAGE_URL ""
#define STDC_HEADERS 1
#define HAVE_SYS_TYPES_H 1
#define HAVE_SYS_STAT_H 1
#define HAVE_STDLIB_H 1
#define HAVE_STRING_H 1
#define HAVE_MEMORY_H 1
#define HAVE_STRINGS_H 1
#define HAVE_INTTYPES_H 1
#define HAVE_STDINT_H 1
#define HAVE_UNISTD_H 1
#define HAVE_GNUPLOT_I_H 1

configure: exit 0
